build/app/intermediates/manifest_merge_blame_file/release/manifest-merger-blame-release-report.txt
1<?xml version="1.0" encoding="utf-8"?>
2<manifest xmlns:android="http://schemas.android.com/apk/res/android"
3    package="com.modamtech.daily_toeic_test"
4    android:versionCode="1"
5    android:versionName="1.0" >
6
7    <uses-sdk
8        android:minSdkVersion="19"
8-->src\main\AndroidManifest.xml
9        android:targetSdkVersion="31" />
9-->src\main\AndroidManifest.xml
10
11    <uses-permission android:name="android.permission.RECORD_AUDIO" />
11-->src\main\AndroidManifest.xml:4:5-71
11-->src\main\AndroidManifest.xml:4:22-68
12    <uses-permission android:name="android.permission.INTERNET" />
12-->[com.google.firebase:firebase-auth:21.1.0] AndroidManifest.xml:23:5-67
12-->[com.google.firebase:firebase-auth:21.1.0] AndroidManifest.xml:23:22-64
13    <uses-permission android:name="android.permission.ACCESS_NETWORK_STATE" />
13-->[com.google.firebase:firebase-auth:21.1.0] AndroidManifest.xml:24:5-79
13-->[com.google.firebase:firebase-auth:21.1.0] AndroidManifest.xml:24:22-76
14
15    <application
16        android:name="android.app.Application"
16-->src\main\AndroidManifest.xml:11:9-42
17        android:allowBackup="false"
17-->src\main\AndroidManifest.xml:9:9-36
18        android:appComponentFactory="androidx.core.app.CoreComponentFactory"
18-->[androidx.core:core:1.6.0] AndroidManifest.xml:24:18-86
19        android:icon="@mipmap/jeju_dialect"
19-->src\main\AndroidManifest.xml:12:9-44
20        android:label="제주방언집"
20-->src\main\AndroidManifest.xml:10:9-30
21        android:networkSecurityConfig="@xml/network_security_config"
21-->src\main\AndroidManifest.xml:7:9-69
22        android:requestLegacyExternalStorage="true" >
22-->src\main\AndroidManifest.xml:8:9-52
23        <activity
23-->src\main\AndroidManifest.xml:13:9-33:20
24            android:name="com.example.daily_toeic_test.MainActivity"
24-->src\main\AndroidManifest.xml:14:13-41
25            android:configChanges="orientation|keyboardHidden|keyboard|screenSize|smallestScreenSize|locale|layoutDirection|fontScale|screenLayout|density|uiMode"
25-->src\main\AndroidManifest.xml:18:13-163
26            android:exported="true"
26-->src\main\AndroidManifest.xml:15:13-36
27            android:hardwareAccelerated="true"
27-->src\main\AndroidManifest.xml:19:13-47
28            android:launchMode="singleTop"
28-->src\main\AndroidManifest.xml:16:13-43
29            android:theme="@style/LaunchTheme"
29-->src\main\AndroidManifest.xml:17:13-47
30            android:windowSoftInputMode="adjustResize" >
30-->src\main\AndroidManifest.xml:20:13-55
31
32            <!--
33                 Specifies an Android theme to apply to this Activity as soon as
34                 the Android process has started. This theme is visible to the user
35                 while the Flutter UI initializes. After that, this theme continues
36                 to determine the Window background behind the Flutter UI.
37            -->
38            <meta-data
38-->src\main\AndroidManifest.xml:25:13-28:17
39                android:name="io.flutter.embedding.android.NormalTheme"
39-->src\main\AndroidManifest.xml:26:15-70
40                android:resource="@style/NormalTheme" />
40-->src\main\AndroidManifest.xml:27:15-52
41
42            <intent-filter>
42-->src\main\AndroidManifest.xml:29:13-32:29
43                <action android:name="android.intent.action.MAIN" />
43-->src\main\AndroidManifest.xml:30:17-68
43-->src\main\AndroidManifest.xml:30:25-66
44
45                <category android:name="android.intent.category.LAUNCHER" />
45-->src\main\AndroidManifest.xml:31:17-76
45-->src\main\AndroidManifest.xml:31:27-74
46            </intent-filter>
47        </activity>
48        <!--
49             Don't delete the meta-data below.
50             This is used by the Flutter tool to generate GeneratedPluginRegistrant.java
51        -->
52        <meta-data
52-->src\main\AndroidManifest.xml:36:9-38:33
53            android:name="flutterEmbedding"
53-->src\main\AndroidManifest.xml:37:13-44
54            android:value="2" />
54-->src\main\AndroidManifest.xml:38:13-30
55
56        <service
56-->[:firebase_auth] AndroidManifest.xml:10:9-14:19
57            android:name="com.google.firebase.components.ComponentDiscoveryService"
57-->[:firebase_auth] AndroidManifest.xml:10:18-89
58            android:directBootAware="true"
58-->[com.google.firebase:firebase-common:20.2.0] AndroidManifest.xml:34:13-43
59            android:exported="false" >
59-->[com.google.firebase:firebase-auth:21.1.0] AndroidManifest.xml:66:13-37
60            <meta-data
60-->[:firebase_auth] AndroidManifest.xml:11:13-13:85
61                android:name="com.google.firebase.components:io.flutter.plugins.firebase.auth.FlutterFirebaseAuthRegistrar"
61-->[:firebase_auth] AndroidManifest.xml:12:17-124
62                android:value="com.google.firebase.components.ComponentRegistrar" />
62-->[:firebase_auth] AndroidManifest.xml:13:17-82
63            <meta-data
63-->[:cloud_firestore] AndroidManifest.xml:11:13-13:85
64                android:name="com.google.firebase.components:io.flutter.plugins.firebase.firestore.FlutterFirebaseFirestoreRegistrar"
64-->[:cloud_firestore] AndroidManifest.xml:12:17-134
65                android:value="com.google.firebase.components.ComponentRegistrar" />
65-->[:cloud_firestore] AndroidManifest.xml:13:17-82
66            <meta-data
66-->[:firebase_core] AndroidManifest.xml:11:13-13:85
67                android:name="com.google.firebase.components:io.flutter.plugins.firebase.core.FlutterFirebaseCoreRegistrar"
67-->[:firebase_core] AndroidManifest.xml:12:17-124
68                android:value="com.google.firebase.components.ComponentRegistrar" />
68-->[:firebase_core] AndroidManifest.xml:13:17-82
69            <meta-data
69-->[com.google.firebase:firebase-auth:21.1.0] AndroidManifest.xml:67:13-69:85
70                android:name="com.google.firebase.components:com.google.firebase.auth.FirebaseAuthRegistrar"
70-->[com.google.firebase:firebase-auth:21.1.0] AndroidManifest.xml:68:17-109
71                android:value="com.google.firebase.components.ComponentRegistrar" />
71-->[com.google.firebase:firebase-auth:21.1.0] AndroidManifest.xml:69:17-82
72            <meta-data
72-->[com.google.firebase:firebase-firestore:24.4.0] AndroidManifest.xml:19:13-21:85
73                android:name="com.google.firebase.components:com.google.firebase.firestore.FirestoreRegistrar"
73-->[com.google.firebase:firebase-firestore:24.4.0] AndroidManifest.xml:20:17-111
74                android:value="com.google.firebase.components.ComponentRegistrar" />
74-->[com.google.firebase:firebase-firestore:24.4.0] AndroidManifest.xml:21:17-82
75        </service>
76
77        <uses-library
77-->[androidx.window:window:1.0.0-beta04] AndroidManifest.xml:25:9-27:40
78            android:name="androidx.window.extensions"
78-->[androidx.window:window:1.0.0-beta04] AndroidManifest.xml:26:13-54
79            android:required="false" />
79-->[androidx.window:window:1.0.0-beta04] AndroidManifest.xml:27:13-37
80        <uses-library
80-->[androidx.window:window:1.0.0-beta04] AndroidManifest.xml:28:9-30:40
81            android:name="androidx.window.sidecar"
81-->[androidx.window:window:1.0.0-beta04] AndroidManifest.xml:29:13-51
82            android:required="false" />
82-->[androidx.window:window:1.0.0-beta04] AndroidManifest.xml:30:13-37
83
84        <activity
84-->[com.google.firebase:firebase-auth:21.1.0] AndroidManifest.xml:27:9-44:20
85            android:name="com.google.firebase.auth.internal.GenericIdpActivity"
85-->[com.google.firebase:firebase-auth:21.1.0] AndroidManifest.xml:28:13-80
86            android:excludeFromRecents="true"
86-->[com.google.firebase:firebase-auth:21.1.0] AndroidManifest.xml:29:13-46
87            android:exported="true"
87-->[com.google.firebase:firebase-auth:21.1.0] AndroidManifest.xml:30:13-36
88            android:launchMode="singleTask"
88-->[com.google.firebase:firebase-auth:21.1.0] AndroidManifest.xml:31:13-44
89            android:theme="@android:style/Theme.Translucent.NoTitleBar" >
89-->[com.google.firebase:firebase-auth:21.1.0] AndroidManifest.xml:32:13-72
90            <intent-filter>
90-->[com.google.firebase:firebase-auth:21.1.0] AndroidManifest.xml:33:13-43:29
91                <action android:name="android.intent.action.VIEW" />
91-->[com.google.firebase:firebase-auth:21.1.0] AndroidManifest.xml:34:17-69
91-->[com.google.firebase:firebase-auth:21.1.0] AndroidManifest.xml:34:25-66
92
93                <category android:name="android.intent.category.DEFAULT" />
93-->[com.google.firebase:firebase-auth:21.1.0] AndroidManifest.xml:36:17-76
93-->[com.google.firebase:firebase-auth:21.1.0] AndroidManifest.xml:36:27-73
94                <category android:name="android.intent.category.BROWSABLE" />
94-->[com.google.firebase:firebase-auth:21.1.0] AndroidManifest.xml:37:17-78
94-->[com.google.firebase:firebase-auth:21.1.0] AndroidManifest.xml:37:27-75
95
96                <data
96-->[com.google.firebase:firebase-auth:21.1.0] AndroidManifest.xml:39:17-42:51
97                    android:host="firebase.auth"
97-->[com.google.firebase:firebase-auth:21.1.0] AndroidManifest.xml:40:21-49
98                    android:path="/"
98-->[com.google.firebase:firebase-auth:21.1.0] AndroidManifest.xml:41:21-37
99                    android:scheme="genericidp" />
99-->[com.google.firebase:firebase-auth:21.1.0] AndroidManifest.xml:42:21-48
100            </intent-filter>
101        </activity>
102        <activity
102-->[com.google.firebase:firebase-auth:21.1.0] AndroidManifest.xml:45:9-62:20
103            android:name="com.google.firebase.auth.internal.RecaptchaActivity"
103-->[com.google.firebase:firebase-auth:21.1.0] AndroidManifest.xml:46:13-79
104            android:excludeFromRecents="true"
104-->[com.google.firebase:firebase-auth:21.1.0] AndroidManifest.xml:47:13-46
105            android:exported="true"
105-->[com.google.firebase:firebase-auth:21.1.0] AndroidManifest.xml:48:13-36
106            android:launchMode="singleTask"
106-->[com.google.firebase:firebase-auth:21.1.0] AndroidManifest.xml:49:13-44
107            android:theme="@android:style/Theme.Translucent.NoTitleBar" >
107-->[com.google.firebase:firebase-auth:21.1.0] AndroidManifest.xml:50:13-72
108            <intent-filter>
108-->[com.google.firebase:firebase-auth:21.1.0] AndroidManifest.xml:51:13-61:29
109                <action android:name="android.intent.action.VIEW" />
109-->[com.google.firebase:firebase-auth:21.1.0] AndroidManifest.xml:34:17-69
109-->[com.google.firebase:firebase-auth:21.1.0] AndroidManifest.xml:34:25-66
110
111                <category android:name="android.intent.category.DEFAULT" />
111-->[com.google.firebase:firebase-auth:21.1.0] AndroidManifest.xml:36:17-76
111-->[com.google.firebase:firebase-auth:21.1.0] AndroidManifest.xml:36:27-73
112                <category android:name="android.intent.category.BROWSABLE" />
112-->[com.google.firebase:firebase-auth:21.1.0] AndroidManifest.xml:37:17-78
112-->[com.google.firebase:firebase-auth:21.1.0] AndroidManifest.xml:37:27-75
113
114                <data
114-->[com.google.firebase:firebase-auth:21.1.0] AndroidManifest.xml:39:17-42:51
115                    android:host="firebase.auth"
115-->[com.google.firebase:firebase-auth:21.1.0] AndroidManifest.xml:40:21-49
116                    android:path="/"
116-->[com.google.firebase:firebase-auth:21.1.0] AndroidManifest.xml:41:21-37
117                    android:scheme="recaptcha" />
117-->[com.google.firebase:firebase-auth:21.1.0] AndroidManifest.xml:42:21-48
118            </intent-filter>
119        </activity>
120
121        <provider
121-->[com.google.firebase:firebase-common:20.2.0] AndroidManifest.xml:25:9-30:39
122            android:name="com.google.firebase.provider.FirebaseInitProvider"
122-->[com.google.firebase:firebase-common:20.2.0] AndroidManifest.xml:26:13-77
123            android:authorities="com.modamtech.daily_toeic_test.firebaseinitprovider"
123-->[com.google.firebase:firebase-common:20.2.0] AndroidManifest.xml:27:13-72
124            android:directBootAware="true"
124-->[com.google.firebase:firebase-common:20.2.0] AndroidManifest.xml:28:13-43
125            android:exported="false"
125-->[com.google.firebase:firebase-common:20.2.0] AndroidManifest.xml:29:13-37
126            android:initOrder="100" />
126-->[com.google.firebase:firebase-common:20.2.0] AndroidManifest.xml:30:13-36
127
128        <activity
128-->[com.google.android.gms:play-services-base:18.0.1] AndroidManifest.xml:20:9-22:45
129            android:name="com.google.android.gms.common.api.GoogleApiActivity"
129-->[com.google.android.gms:play-services-base:18.0.1] AndroidManifest.xml:20:19-85
130            android:exported="false"
130-->[com.google.android.gms:play-services-base:18.0.1] AndroidManifest.xml:22:19-43
131            android:theme="@android:style/Theme.Translucent.NoTitleBar" />
131-->[com.google.android.gms:play-services-base:18.0.1] AndroidManifest.xml:21:19-78
132
133        <meta-data
133-->[com.google.android.gms:play-services-basement:18.1.0] AndroidManifest.xml:21:9-23:69
134            android:name="com.google.android.gms.version"
134-->[com.google.android.gms:play-services-basement:18.1.0] AndroidManifest.xml:22:13-58
135            android:value="@integer/google_play_services_version" />
135-->[com.google.android.gms:play-services-basement:18.1.0] AndroidManifest.xml:23:13-66
136    </application>
137
138</manifest>